        -:    0:Source:/home/joacopolo/Documents/exactas/algo1/laboratorio/clase6/template-alumnos/ej3/baldosasDelPiso.cpp
        -:    0:Graph:/home/joacopolo/Documents/exactas/algo1/laboratorio/clase6/template-alumnos/cmake-build-debug-coverage/CMakeFiles/LaboTesting.dir/ej3/baldosasDelPiso.cpp.gcno
        -:    0:Data:/home/joacopolo/Documents/exactas/algo1/laboratorio/clase6/template-alumnos/cmake-build-debug-coverage/CMakeFiles/LaboTesting.dir/ej3/baldosasDelPiso.cpp.gcda
        -:    0:Runs:1
function _Z15baldosasDelPisoiii called 0 returned 0% blocks executed 0%
    #####:    1:int baldosasDelPiso(int M, int N, int B) {
        -:    2:	int result;
    #####:    3:    if (M % B == 0 && N % B){
    %%%%%:    3-block  0
branch  0 never executed
branch  1 never executed
    %%%%%:    3-block  1
branch  2 never executed
branch  3 never executed
    #####:    4:        result = M/B * (N/B - 1);
    %%%%%:    4-block  0
    #####:    5:    }else if(M % B == 0){
    %%%%%:    5-block  0
branch  0 never executed
branch  1 never executed
    #####:    6:        result = M/B * (N / B);
    %%%%%:    6-block  0
    #####:    7:    }else if(M % B == 0){
    %%%%%:    7-block  0
branch  0 never executed
branch  1 never executed
    #####:    8:        result = N/B * (M / B);
    %%%%%:    8-block  0
        -:    9:    }else{
    #####:   10:        return 0;
    %%%%%:   10-block  0
        -:   11:    }
    #####:   12:    return 0;
    %%%%%:   12-block  0
        -:   13:}
