        -:    0:Source:/home/joacopolo/Documents/exactas/algo1/laboratorio/clase6/template-alumnos/ej2/Test/llenarTaxisTEST.cpp
        -:    0:Graph:/home/joacopolo/Documents/exactas/algo1/laboratorio/clase6/template-alumnos/cmake-build-debug-coverage/CMakeFiles/LaboTesting.dir/ej2/Test/llenarTaxisTEST.cpp.gcno
        -:    0:Data:/home/joacopolo/Documents/exactas/algo1/laboratorio/clase6/template-alumnos/cmake-build-debug-coverage/CMakeFiles/LaboTesting.dir/ej2/Test/llenarTaxisTEST.cpp.gcda
        -:    0:Runs:1
        -:    1:#include "gtest/gtest.h"
        -:    2:#include "../llenarTaxis.h"
        -:    3:
        2:    4:TEST(llenarTaxis1Test, gruposPar) {
        1:    5:    int k = 3;
        -:    6:    //exercise
        1:    7:    int result = llenarTaxis1(k,k,k);
        -:    8:    // check
       1*:    9:    EXPECT_EQ(result,5);
        1:   10:}
------------------
_ZN31llenarTaxis1Test_gruposPar_Test8TestBodyEv:
function _ZN31llenarTaxis1Test_gruposPar_Test8TestBodyEv called 1 returned 100% blocks executed 28%
        1:    4:TEST(llenarTaxis1Test, gruposPar) {
        1:    5:    int k = 3;
        -:    6:    //exercise
        1:    7:    int result = llenarTaxis1(k,k,k);
        1:    7-block  0
call    0 returned 1
branch  1 taken 1 (fallthrough)
branch  2 taken 0 (throw)
        -:    8:    // check
       1*:    9:    EXPECT_EQ(result,5);
        1:    9-block  0
call    0 returned 1
branch  1 taken 1 (fallthrough)
branch  2 taken 0 (throw)
        1:    9-block  1
call    3 returned 1
branch  4 taken 0 (fallthrough)
branch  5 taken 1
    %%%%%:    9-block  2
call    6 never executed
branch  7 never executed
branch  8 never executed
    %%%%%:    9-block  3
call    9 never executed
branch 10 never executed
branch 11 never executed
    %%%%%:    9-block  4
call   12 never executed
branch 13 never executed
branch 14 never executed
    %%%%%:    9-block  5
call   15 never executed
branch 16 never executed
branch 17 never executed
    %%%%%:    9-block  6
call   18 never executed
call   19 never executed
        1:    9-block  7
call   20 returned 1
    $$$$$:    9-block  8
    $$$$$:    9-block  9
call   21 never executed
    $$$$$:    9-block 10
    $$$$$:    9-block 11
call   22 never executed
    $$$$$:    9-block 12
    $$$$$:    9-block 13
call   23 never executed
        1:   10:}
------------------
_ZN31llenarTaxis1Test_gruposPar_TestC2Ev:
function _ZN31llenarTaxis1Test_gruposPar_TestC2Ev called 1 returned 100% blocks executed 100%
        1:    4:TEST(llenarTaxis1Test, gruposPar) {
        1:    4-block  0
call    0 returned 1
------------------
        -:   11:
        2:   12:TEST(llenarTaxis1Test, gruposImpar) {
        1:   13:    int k = 4;
        -:   14:    //exercise
        1:   15:    int result = llenarTaxis1(k,k,k);
        -:   16:    // check
       1*:   17:    EXPECT_EQ(result,6);
        1:   18:}
------------------
_ZN33llenarTaxis1Test_gruposImpar_Test8TestBodyEv:
function _ZN33llenarTaxis1Test_gruposImpar_Test8TestBodyEv called 1 returned 100% blocks executed 28%
        1:   12:TEST(llenarTaxis1Test, gruposImpar) {
        1:   13:    int k = 4;
        -:   14:    //exercise
        1:   15:    int result = llenarTaxis1(k,k,k);
        1:   15-block  0
call    0 returned 1
branch  1 taken 1 (fallthrough)
branch  2 taken 0 (throw)
        -:   16:    // check
       1*:   17:    EXPECT_EQ(result,6);
        1:   17-block  0
call    0 returned 1
branch  1 taken 1 (fallthrough)
branch  2 taken 0 (throw)
        1:   17-block  1
call    3 returned 1
branch  4 taken 0 (fallthrough)
branch  5 taken 1
    %%%%%:   17-block  2
call    6 never executed
branch  7 never executed
branch  8 never executed
    %%%%%:   17-block  3
call    9 never executed
branch 10 never executed
branch 11 never executed
    %%%%%:   17-block  4
call   12 never executed
branch 13 never executed
branch 14 never executed
    %%%%%:   17-block  5
call   15 never executed
branch 16 never executed
branch 17 never executed
    %%%%%:   17-block  6
call   18 never executed
call   19 never executed
        1:   17-block  7
call   20 returned 1
    $$$$$:   17-block  8
    $$$$$:   17-block  9
call   21 never executed
    $$$$$:   17-block 10
    $$$$$:   17-block 11
call   22 never executed
    $$$$$:   17-block 12
    $$$$$:   17-block 13
call   23 never executed
        1:   18:}
------------------
_ZN33llenarTaxis1Test_gruposImpar_TestC2Ev:
function _ZN33llenarTaxis1Test_gruposImpar_TestC2Ev called 1 returned 100% blocks executed 100%
        1:   12:TEST(llenarTaxis1Test, gruposImpar) {
        1:   12-block  0
call    0 returned 1
------------------
        -:   19:
        -:   20://TESTING CASO 2 ---------------------------------------------------------------------
        -:   21:
        2:   22:TEST(llenarTaxis2Test, g3Mayor) {
        1:   23:    int result = llenarTaxis2(1,2,3);
        -:   24:
       1*:   25:    EXPECT_EQ(result,4);
        -:   26:    // lleno 1 con un grupo de 3 + uno de 1
        -:   27:    // lleno 1 con dos grupos de 2
        -:   28:    // lleno 2 con los grupos de 3 que quedan
        1:   29:}
------------------
_ZN29llenarTaxis2Test_g3Mayor_Test8TestBodyEv:
function _ZN29llenarTaxis2Test_g3Mayor_Test8TestBodyEv called 1 returned 100% blocks executed 28%
        1:   22:TEST(llenarTaxis2Test, g3Mayor) {
        1:   23:    int result = llenarTaxis2(1,2,3);
        1:   23-block  0
call    0 returned 1
branch  1 taken 1 (fallthrough)
branch  2 taken 0 (throw)
        -:   24:
       1*:   25:    EXPECT_EQ(result,4);
        1:   25-block  0
call    0 returned 1
branch  1 taken 1 (fallthrough)
branch  2 taken 0 (throw)
        1:   25-block  1
call    3 returned 1
branch  4 taken 0 (fallthrough)
branch  5 taken 1
    %%%%%:   25-block  2
call    6 never executed
branch  7 never executed
branch  8 never executed
    %%%%%:   25-block  3
call    9 never executed
branch 10 never executed
branch 11 never executed
    %%%%%:   25-block  4
call   12 never executed
branch 13 never executed
branch 14 never executed
    %%%%%:   25-block  5
call   15 never executed
branch 16 never executed
branch 17 never executed
    %%%%%:   25-block  6
call   18 never executed
call   19 never executed
        1:   25-block  7
call   20 returned 1
    $$$$$:   25-block  8
    $$$$$:   25-block  9
call   21 never executed
    $$$$$:   25-block 10
    $$$$$:   25-block 11
call   22 never executed
    $$$$$:   25-block 12
    $$$$$:   25-block 13
call   23 never executed
        -:   26:    // lleno 1 con un grupo de 3 + uno de 1
        -:   27:    // lleno 1 con dos grupos de 2
        -:   28:    // lleno 2 con los grupos de 3 que quedan
        1:   29:}
------------------
_ZN29llenarTaxis2Test_g3Mayor_TestC2Ev:
function _ZN29llenarTaxis2Test_g3Mayor_TestC2Ev called 1 returned 100% blocks executed 100%
        1:   22:TEST(llenarTaxis2Test, g3Mayor) {
        1:   22-block  0
call    0 returned 1
------------------
        2:   30:TEST(llenarTaxis2Test, g1Mayor) {
        1:   31:    int result = llenarTaxis2(3,2,1);
        -:   32:
       1*:   33:    EXPECT_EQ(result,3);
        -:   34:    // lleno 1 juntando un grupo de 3 + uno de 1
        -:   35:    // lleno 1 con 2 grupos de 2
        -:   36:    // lleno 1 con dos grupos de 1
        1:   37:}
------------------
_ZN29llenarTaxis2Test_g1Mayor_Test8TestBodyEv:
function _ZN29llenarTaxis2Test_g1Mayor_Test8TestBodyEv called 1 returned 100% blocks executed 28%
        1:   30:TEST(llenarTaxis2Test, g1Mayor) {
        1:   31:    int result = llenarTaxis2(3,2,1);
        1:   31-block  0
call    0 returned 1
branch  1 taken 1 (fallthrough)
branch  2 taken 0 (throw)
        -:   32:
       1*:   33:    EXPECT_EQ(result,3);
        1:   33-block  0
call    0 returned 1
branch  1 taken 1 (fallthrough)
branch  2 taken 0 (throw)
        1:   33-block  1
call    3 returned 1
branch  4 taken 0 (fallthrough)
branch  5 taken 1
    %%%%%:   33-block  2
call    6 never executed
branch  7 never executed
branch  8 never executed
    %%%%%:   33-block  3
call    9 never executed
branch 10 never executed
branch 11 never executed
    %%%%%:   33-block  4
call   12 never executed
branch 13 never executed
branch 14 never executed
    %%%%%:   33-block  5
call   15 never executed
branch 16 never executed
branch 17 never executed
    %%%%%:   33-block  6
call   18 never executed
call   19 never executed
        1:   33-block  7
call   20 returned 1
    $$$$$:   33-block  8
    $$$$$:   33-block  9
call   21 never executed
    $$$$$:   33-block 10
    $$$$$:   33-block 11
call   22 never executed
    $$$$$:   33-block 12
    $$$$$:   33-block 13
call   23 never executed
        -:   34:    // lleno 1 juntando un grupo de 3 + uno de 1
        -:   35:    // lleno 1 con 2 grupos de 2
        -:   36:    // lleno 1 con dos grupos de 1
        1:   37:}
------------------
_ZN29llenarTaxis2Test_g1Mayor_TestC2Ev:
function _ZN29llenarTaxis2Test_g1Mayor_TestC2Ev called 1 returned 100% blocks executed 100%
        1:   30:TEST(llenarTaxis2Test, g1Mayor) {
        1:   30-block  0
call    0 returned 1
------------------
        -:   38:
        2:   39:TEST(llenarTaxis2Test, g1Mayor_2) {
        1:   40:    int result = llenarTaxis2(5,2,1);
        -:   41:
       1*:   42:    EXPECT_EQ(result,3);
        -:   43:    // lleno 1 juntando un grupo de 3 + uno de 1
        -:   44:    // lleno 1 con 2 grupos de 2
        -:   45:    // lleno 1 con un grupo de 1
        1:   46:}
------------------
_ZN31llenarTaxis2Test_g1Mayor_2_Test8TestBodyEv:
function _ZN31llenarTaxis2Test_g1Mayor_2_Test8TestBodyEv called 1 returned 100% blocks executed 28%
        1:   39:TEST(llenarTaxis2Test, g1Mayor_2) {
        1:   40:    int result = llenarTaxis2(5,2,1);
        1:   40-block  0
call    0 returned 1
branch  1 taken 1 (fallthrough)
branch  2 taken 0 (throw)
        -:   41:
       1*:   42:    EXPECT_EQ(result,3);
        1:   42-block  0
call    0 returned 1
branch  1 taken 1 (fallthrough)
branch  2 taken 0 (throw)
        1:   42-block  1
call    3 returned 1
branch  4 taken 0 (fallthrough)
branch  5 taken 1
    %%%%%:   42-block  2
call    6 never executed
branch  7 never executed
branch  8 never executed
    %%%%%:   42-block  3
call    9 never executed
branch 10 never executed
branch 11 never executed
    %%%%%:   42-block  4
call   12 never executed
branch 13 never executed
branch 14 never executed
    %%%%%:   42-block  5
call   15 never executed
branch 16 never executed
branch 17 never executed
    %%%%%:   42-block  6
call   18 never executed
call   19 never executed
        1:   42-block  7
call   20 returned 1
    $$$$$:   42-block  8
    $$$$$:   42-block  9
call   21 never executed
    $$$$$:   42-block 10
    $$$$$:   42-block 11
call   22 never executed
    $$$$$:   42-block 12
    $$$$$:   42-block 13
call   23 never executed
        -:   43:    // lleno 1 juntando un grupo de 3 + uno de 1
        -:   44:    // lleno 1 con 2 grupos de 2
        -:   45:    // lleno 1 con un grupo de 1
        1:   46:}
------------------
_ZN31llenarTaxis2Test_g1Mayor_2_TestC2Ev:
function _ZN31llenarTaxis2Test_g1Mayor_2_TestC2Ev called 1 returned 100% blocks executed 100%
        1:   39:TEST(llenarTaxis2Test, g1Mayor_2) {
        1:   39-block  0
call    0 returned 1
------------------
        -:   47:
        2:   48:TEST(llenarTaxis2Test, g1Mayor_3) {
        1:   49:    int result = llenarTaxis2(1,2,5);
        -:   50:
       1*:   51:    EXPECT_EQ(result,6);
        -:   52:    // lleno 1 juntando un grupo de 3 + uno de 1
        -:   53:    // lleno 1 con 2 grupos de 2
        -:   54:    // lleno 4 con 4 grupos de 3
        1:   55:}
------------------
_ZN31llenarTaxis2Test_g1Mayor_3_Test8TestBodyEv:
function _ZN31llenarTaxis2Test_g1Mayor_3_Test8TestBodyEv called 1 returned 100% blocks executed 28%
        1:   48:TEST(llenarTaxis2Test, g1Mayor_3) {
        1:   49:    int result = llenarTaxis2(1,2,5);
        1:   49-block  0
call    0 returned 1
branch  1 taken 1 (fallthrough)
branch  2 taken 0 (throw)
        -:   50:
       1*:   51:    EXPECT_EQ(result,6);
        1:   51-block  0
call    0 returned 1
branch  1 taken 1 (fallthrough)
branch  2 taken 0 (throw)
        1:   51-block  1
call    3 returned 1
branch  4 taken 0 (fallthrough)
branch  5 taken 1
    %%%%%:   51-block  2
call    6 never executed
branch  7 never executed
branch  8 never executed
    %%%%%:   51-block  3
call    9 never executed
branch 10 never executed
branch 11 never executed
    %%%%%:   51-block  4
call   12 never executed
branch 13 never executed
branch 14 never executed
    %%%%%:   51-block  5
call   15 never executed
branch 16 never executed
branch 17 never executed
    %%%%%:   51-block  6
call   18 never executed
call   19 never executed
        1:   51-block  7
call   20 returned 1
    $$$$$:   51-block  8
    $$$$$:   51-block  9
call   21 never executed
    $$$$$:   51-block 10
    $$$$$:   51-block 11
call   22 never executed
    $$$$$:   51-block 12
    $$$$$:   51-block 13
call   23 never executed
        -:   52:    // lleno 1 juntando un grupo de 3 + uno de 1
        -:   53:    // lleno 1 con 2 grupos de 2
        -:   54:    // lleno 4 con 4 grupos de 3
        1:   55:}
------------------
_ZN31llenarTaxis2Test_g1Mayor_3_TestC2Ev:
function _ZN31llenarTaxis2Test_g1Mayor_3_TestC2Ev called 1 returned 100% blocks executed 100%
        1:   48:TEST(llenarTaxis2Test, g1Mayor_3) {
        1:   48-block  0
call    0 returned 1
------------------
        -:   56:
        -:   57://TESTING CASO 3 ---------------------------------------------------------------------
        -:   58:
        2:   59:TEST(llenarTaxis3Test, modResta1o2) {
        1:   60:    int result = llenarTaxis3(2,3,1);
        -:   61:    // check
       1*:   62:    EXPECT_EQ(result,3);
        -:   63:    // 1 para un grupo de 1 y uno de 3
        -:   64:    // 1 para 2 grupos de 2
        -:   65:    // 1 para un grupo de 2 y el 1 que sobra
        1:   66:}
------------------
_ZN33llenarTaxis3Test_modResta1o2_Test8TestBodyEv:
function _ZN33llenarTaxis3Test_modResta1o2_Test8TestBodyEv called 1 returned 100% blocks executed 28%
        1:   59:TEST(llenarTaxis3Test, modResta1o2) {
        1:   60:    int result = llenarTaxis3(2,3,1);
        1:   60-block  0
call    0 returned 1
branch  1 taken 1 (fallthrough)
branch  2 taken 0 (throw)
        -:   61:    // check
       1*:   62:    EXPECT_EQ(result,3);
        1:   62-block  0
call    0 returned 1
branch  1 taken 1 (fallthrough)
branch  2 taken 0 (throw)
        1:   62-block  1
call    3 returned 1
branch  4 taken 0 (fallthrough)
branch  5 taken 1
    %%%%%:   62-block  2
call    6 never executed
branch  7 never executed
branch  8 never executed
    %%%%%:   62-block  3
call    9 never executed
branch 10 never executed
branch 11 never executed
    %%%%%:   62-block  4
call   12 never executed
branch 13 never executed
branch 14 never executed
    %%%%%:   62-block  5
call   15 never executed
branch 16 never executed
branch 17 never executed
    %%%%%:   62-block  6
call   18 never executed
call   19 never executed
        1:   62-block  7
call   20 returned 1
    $$$$$:   62-block  8
    $$$$$:   62-block  9
call   21 never executed
    $$$$$:   62-block 10
    $$$$$:   62-block 11
call   22 never executed
    $$$$$:   62-block 12
    $$$$$:   62-block 13
call   23 never executed
        -:   63:    // 1 para un grupo de 1 y uno de 3
        -:   64:    // 1 para 2 grupos de 2
        -:   65:    // 1 para un grupo de 2 y el 1 que sobra
        1:   66:}
------------------
_ZN33llenarTaxis3Test_modResta1o2_TestC2Ev:
function _ZN33llenarTaxis3Test_modResta1o2_TestC2Ev called 1 returned 100% blocks executed 100%
        1:   59:TEST(llenarTaxis3Test, modResta1o2) {
        1:   59-block  0
call    0 returned 1
------------------
        -:   67:
        2:   68:TEST(llenarTaxis3Test, modRestaNo1o2) {
        1:   69:    int result = llenarTaxis3(4,3,1);
        -:   70:                // 1 + llenarTaxis3(3,3,0)
        -:   71:                // 2 + llenarTaxis(3,1,0)
        -:   72:                // 3 + llenarTaxis(1,0,0)
       1*:   73:    EXPECT_EQ(result,4);
        -:   74:    // 1 para un grupo de 1 y uno de 3
        -:   75:    // 1 para 2 grupos de 2
        -:   76:    // 1 para un grupo de 2 y los 2 que sobran
        1:   77:}
------------------
_ZN35llenarTaxis3Test_modRestaNo1o2_Test8TestBodyEv:
function _ZN35llenarTaxis3Test_modRestaNo1o2_Test8TestBodyEv called 1 returned 100% blocks executed 28%
        1:   68:TEST(llenarTaxis3Test, modRestaNo1o2) {
        1:   69:    int result = llenarTaxis3(4,3,1);
        1:   69-block  0
call    0 returned 1
branch  1 taken 1 (fallthrough)
branch  2 taken 0 (throw)
        -:   70:                // 1 + llenarTaxis3(3,3,0)
        -:   71:                // 2 + llenarTaxis(3,1,0)
        -:   72:                // 3 + llenarTaxis(1,0,0)
       1*:   73:    EXPECT_EQ(result,4);
        1:   73-block  0
call    0 returned 1
branch  1 taken 1 (fallthrough)
branch  2 taken 0 (throw)
        1:   73-block  1
call    3 returned 1
branch  4 taken 0 (fallthrough)
branch  5 taken 1
    %%%%%:   73-block  2
call    6 never executed
branch  7 never executed
branch  8 never executed
    %%%%%:   73-block  3
call    9 never executed
branch 10 never executed
branch 11 never executed
    %%%%%:   73-block  4
call   12 never executed
branch 13 never executed
branch 14 never executed
    %%%%%:   73-block  5
call   15 never executed
branch 16 never executed
branch 17 never executed
    %%%%%:   73-block  6
call   18 never executed
call   19 never executed
        1:   73-block  7
call   20 returned 1
    $$$$$:   73-block  8
    $$$$$:   73-block  9
call   21 never executed
    $$$$$:   73-block 10
    $$$$$:   73-block 11
call   22 never executed
    $$$$$:   73-block 12
    $$$$$:   73-block 13
call   23 never executed
        -:   74:    // 1 para un grupo de 1 y uno de 3
        -:   75:    // 1 para 2 grupos de 2
        -:   76:    // 1 para un grupo de 2 y los 2 que sobran
        1:   77:}
------------------
_ZN35llenarTaxis3Test_modRestaNo1o2_TestC2Ev:
function _ZN35llenarTaxis3Test_modRestaNo1o2_TestC2Ev called 1 returned 100% blocks executed 100%
        1:   68:TEST(llenarTaxis3Test, modRestaNo1o2) {
        1:   68-block  0
call    0 returned 1
------------------
        -:   78:
        2:   79:TEST(llenarTaxis3Test, modRestaNo1o2_2) {
        1:   80:    int result = llenarTaxis3(5,3,2);
        -:   81:                // 2 + llenarTaxis3(3,3,0)
        -:   82:                // 3 + llenarTaxis(3,1,0)
        -:   83:                // 4 + llenarTaxis(1,0,0)
        -:   84:
       1*:   85:    EXPECT_EQ(result,5);
        -:   86:    // 2 para dos grupos de 1 y dos de 3
        -:   87:    // 1 para 2 grupos de 2
        -:   88:    // 1 para un grupo de 2 y el que sobra
        1:   89:}
------------------
_ZN37llenarTaxis3Test_modRestaNo1o2_2_Test8TestBodyEv:
function _ZN37llenarTaxis3Test_modRestaNo1o2_2_Test8TestBodyEv called 1 returned 100% blocks executed 28%
        1:   79:TEST(llenarTaxis3Test, modRestaNo1o2_2) {
        1:   80:    int result = llenarTaxis3(5,3,2);
        1:   80-block  0
call    0 returned 1
branch  1 taken 1 (fallthrough)
branch  2 taken 0 (throw)
        -:   81:                // 2 + llenarTaxis3(3,3,0)
        -:   82:                // 3 + llenarTaxis(3,1,0)
        -:   83:                // 4 + llenarTaxis(1,0,0)
        -:   84:
       1*:   85:    EXPECT_EQ(result,5);
        1:   85-block  0
call    0 returned 1
branch  1 taken 1 (fallthrough)
branch  2 taken 0 (throw)
        1:   85-block  1
call    3 returned 1
branch  4 taken 0 (fallthrough)
branch  5 taken 1
    %%%%%:   85-block  2
call    6 never executed
branch  7 never executed
branch  8 never executed
    %%%%%:   85-block  3
call    9 never executed
branch 10 never executed
branch 11 never executed
    %%%%%:   85-block  4
call   12 never executed
branch 13 never executed
branch 14 never executed
    %%%%%:   85-block  5
call   15 never executed
branch 16 never executed
branch 17 never executed
    %%%%%:   85-block  6
call   18 never executed
call   19 never executed
        1:   85-block  7
call   20 returned 1
    $$$$$:   85-block  8
    $$$$$:   85-block  9
call   21 never executed
    $$$$$:   85-block 10
    $$$$$:   85-block 11
call   22 never executed
    $$$$$:   85-block 12
    $$$$$:   85-block 13
call   23 never executed
        -:   86:    // 2 para dos grupos de 1 y dos de 3
        -:   87:    // 1 para 2 grupos de 2
        -:   88:    // 1 para un grupo de 2 y el que sobra
        1:   89:}
------------------
_ZN37llenarTaxis3Test_modRestaNo1o2_2_TestC2Ev:
function _ZN37llenarTaxis3Test_modRestaNo1o2_2_TestC2Ev called 1 returned 100% blocks executed 100%
        1:   79:TEST(llenarTaxis3Test, modRestaNo1o2_2) {
        1:   79-block  0
call    0 returned 1
------------------
        -:   90:
        2:   91:TEST(llenarTaxis3Test, modRestaNo1o2_3) {
        1:   92:    int result = llenarTaxis3(3,1,0);
        -:   93:                // 1 + llenarTaxis(3,0,0)
        -:   94:
       1*:   95:    EXPECT_EQ(result,2);
        -:   96:            // 1 para el grupo de 2 y 2 grupos de 1
        -:   97:            // 1 para 3 grupos de 1
        1:   98:}
------------------
_ZN37llenarTaxis3Test_modRestaNo1o2_3_Test8TestBodyEv:
function _ZN37llenarTaxis3Test_modRestaNo1o2_3_Test8TestBodyEv called 1 returned 100% blocks executed 28%
        1:   91:TEST(llenarTaxis3Test, modRestaNo1o2_3) {
        1:   92:    int result = llenarTaxis3(3,1,0);
        1:   92-block  0
call    0 returned 1
branch  1 taken 1 (fallthrough)
branch  2 taken 0 (throw)
        -:   93:                // 1 + llenarTaxis(3,0,0)
        -:   94:
       1*:   95:    EXPECT_EQ(result,2);
        1:   95-block  0
call    0 returned 1
branch  1 taken 1 (fallthrough)
branch  2 taken 0 (throw)
        1:   95-block  1
call    3 returned 1
branch  4 taken 0 (fallthrough)
branch  5 taken 1
    %%%%%:   95-block  2
call    6 never executed
branch  7 never executed
branch  8 never executed
    %%%%%:   95-block  3
call    9 never executed
branch 10 never executed
branch 11 never executed
    %%%%%:   95-block  4
call   12 never executed
branch 13 never executed
branch 14 never executed
    %%%%%:   95-block  5
call   15 never executed
branch 16 never executed
branch 17 never executed
    %%%%%:   95-block  6
call   18 never executed
call   19 never executed
        1:   95-block  7
call   20 returned 1
    $$$$$:   95-block  8
    $$$$$:   95-block  9
call   21 never executed
    $$$$$:   95-block 10
    $$$$$:   95-block 11
call   22 never executed
    $$$$$:   95-block 12
    $$$$$:   95-block 13
call   23 never executed
        -:   96:            // 1 para el grupo de 2 y 2 grupos de 1
        -:   97:            // 1 para 3 grupos de 1
        1:   98:}
------------------
_ZN37llenarTaxis3Test_modRestaNo1o2_3_TestC2Ev:
function _ZN37llenarTaxis3Test_modRestaNo1o2_3_TestC2Ev called 1 returned 100% blocks executed 100%
        1:   91:TEST(llenarTaxis3Test, modRestaNo1o2_3) {
        1:   91-block  0
call    0 returned 1
------------------
        -:   99:
        2:  100:TEST(llenarTaxis3Test, modRestaNo1o2_4) {
        1:  101:    int result = llenarTaxis3(3,1,5);
        -:  102:
       1*:  103:    EXPECT_EQ(result,6);
        -:  104:    // espero que ande
        1:  105:}
------------------
_ZN37llenarTaxis3Test_modRestaNo1o2_4_Test8TestBodyEv:
function _ZN37llenarTaxis3Test_modRestaNo1o2_4_Test8TestBodyEv called 1 returned 100% blocks executed 28%
        1:  100:TEST(llenarTaxis3Test, modRestaNo1o2_4) {
        1:  101:    int result = llenarTaxis3(3,1,5);
        1:  101-block  0
call    0 returned 1
branch  1 taken 1 (fallthrough)
branch  2 taken 0 (throw)
        -:  102:
       1*:  103:    EXPECT_EQ(result,6);
        1:  103-block  0
call    0 returned 1
branch  1 taken 1 (fallthrough)
branch  2 taken 0 (throw)
        1:  103-block  1
call    3 returned 1
branch  4 taken 0 (fallthrough)
branch  5 taken 1
    %%%%%:  103-block  2
call    6 never executed
branch  7 never executed
branch  8 never executed
    %%%%%:  103-block  3
call    9 never executed
branch 10 never executed
branch 11 never executed
    %%%%%:  103-block  4
call   12 never executed
branch 13 never executed
branch 14 never executed
    %%%%%:  103-block  5
call   15 never executed
branch 16 never executed
branch 17 never executed
    %%%%%:  103-block  6
call   18 never executed
call   19 never executed
        1:  103-block  7
call   20 returned 1
    $$$$$:  103-block  8
    $$$$$:  103-block  9
call   21 never executed
    $$$$$:  103-block 10
    $$$$$:  103-block 11
call   22 never executed
    $$$$$:  103-block 12
    $$$$$:  103-block 13
call   23 never executed
        -:  104:    // espero que ande
        1:  105:}
------------------
_ZN37llenarTaxis3Test_modRestaNo1o2_4_TestC2Ev:
function _ZN37llenarTaxis3Test_modRestaNo1o2_4_TestC2Ev called 1 returned 100% blocks executed 100%
        1:  100:TEST(llenarTaxis3Test, modRestaNo1o2_4) {
        1:  100-block  0
call    0 returned 1
------------------
