        -:    0:Source:/home/joacopolo/Documents/exactas/algo1/laboratorio/clase6/template-alumnos/ej2/llenarTaxis.cpp
        -:    0:Graph:/home/joacopolo/Documents/exactas/algo1/laboratorio/clase6/template-alumnos/cmake-build-debug-coverage/CMakeFiles/LaboTesting.dir/ej2/llenarTaxis.cpp.gcno
        -:    0:Data:/home/joacopolo/Documents/exactas/algo1/laboratorio/clase6/template-alumnos/cmake-build-debug-coverage/CMakeFiles/LaboTesting.dir/ej2/llenarTaxis.cpp.gcda
        -:    0:Runs:1
        -:    1:
function _Z12llenarTaxis1iii called 2 returned 100% blocks executed 100%
        2:    2:int llenarTaxis1(int g1, int g2, int g3) {
        2:    3:	int res = g3 + (g2 + 1) / 2 + (g1 + 3) / 4;
        -:    4:    // el error esta en sumar (g1 + 3) / 4
        -:    5:    // si las cantidades son iguales, siempre puedo juntar los
        -:    6:    // grupos de 1 con los de 3
        -:    7:    // Yo haria g3 + (g2 + 1) / 2
        2:    8:	return res;
        2:    8-block  0
        -:    9:}
        -:   10:
function _Z12llenarTaxis2iii called 2 returned 100% blocks executed 100%
        2:   11:int llenarTaxis2(int g1, int g2, int g3) {
        2:   12:	int res = g3;
        -:   13:
        2:   14:	if (g1 <= g3) {
        2:   14-block  0
branch  0 taken 1 (fallthrough)
branch  1 taken 1
        1:   15:		g1 = 0;
        1:   15-block  0
        -:   16:	} else {
        1:   17:		g1 = g1 - g3;
        1:   17-block  0
        -:   18:	}
        -:   19:
        2:   20:	return res + (g2 + 1) / 2 + (g1 + 3) / 4;
        2:   20-block  0
        -:   21:    // creo que la implementacion es correcta
        -:   22:}
        -:   23:
function _Z12llenarTaxis3iii called 4 returned 100% blocks executed 56%
        4:   24:int llenarTaxis3(int g1, int g2, int g3) {
        -:   25:    // es incorrecta pero no entiendo por qué
        4:   26:	int res = g3;
        -:   27:
        4:   28:	if (g1 <= g3) {
        4:   28-block  0
branch  0 taken 0 (fallthrough)
branch  1 taken 4
    #####:   29:		g1 = 0;
    %%%%%:   29-block  0
        -:   30:	} else {
        4:   31:		g1 = g1 - g3;
        4:   31-block  0
        -:   32:	}
        -:   33:
        4:   34:	res = res + g2 / 2;
        4:   35:	if (g2 % 2 == 0) {
        4:   35-block  0
branch  0 taken 0 (fallthrough)
branch  1 taken 4
    #####:   36:		if (g1 >= 2) {
    %%%%%:   36-block  0
branch  0 never executed
branch  1 never executed
    #####:   37:			g1 = g1 - 2;
    %%%%%:   37-block  0
        -:   38:		} else {
    #####:   39:			g1 = 0;
    %%%%%:   39-block  0
        -:   40:		}
        -:   41:	}
        -:   42:
        4:   43:	return res + (g1 + 3) / 4;
        4:   43-block  0
        -:   44:}
