        -:    0:Source:/home/joacopolo/Documents/exactas/algo1/laboratorio/clase6/template-alumnos/ej1/puntaje.cpp
        -:    0:Graph:/home/joacopolo/Documents/exactas/algo1/laboratorio/clase6/template-alumnos/cmake-build-debug-coverage/CMakeFiles/LaboTesting.dir/ej1/puntaje.cpp.gcno
        -:    0:Data:/home/joacopolo/Documents/exactas/algo1/laboratorio/clase6/template-alumnos/cmake-build-debug-coverage/CMakeFiles/LaboTesting.dir/ej1/puntaje.cpp.gcda
        -:    0:Runs:1
function _Z7puntajei called 0 returned 0% blocks executed 0%
    #####:    1:int puntaje(int b) {
        -:    2:	int res;
    #####:    3:	if (b < 10) {
    %%%%%:    3-block  0
branch  0 never executed
branch  1 never executed
    #####:    4:		res = 2 * b;
    %%%%%:    4-block  0
        -:    5:	} else {
    #####:    6:		res = b;
    %%%%%:    6-block  0
        -:    7:	}
    #####:    8:	if (b % 3 == 0) {
    %%%%%:    8-block  0
branch  0 never executed
branch  1 never executed
    #####:    9:		res = res + 10;
    %%%%%:    9-block  0
        -:   10:	} else {
    #####:   11:		res = res - 10;
    %%%%%:   11-block  0
        -:   12:	}
    #####:   13:	return res;
    %%%%%:   13-block  0
        -:   14:}
